<?xml version="1.0" encoding="UTF-8"?>
<!-- Generated by org.testng.reporters.JUnitReportReporter -->
<testsuite skipped="0" hostname="DESKTOP-AL97APC" name="ReviewsTests" tests="6" failures="0" timestamp="2023-03-11T23:34:09 EET" time="17.344" errors="0">
  <testcase name="test_addReview" time="5.052" classname="ReviewsTests"/>
  <testcase name="test_deleteReview_by_id" time="2.324" classname="ReviewsTests"/>
  <testcase name="update_reviewData" time="2.084" classname="ReviewsTests"/>
  <testcase name="modify_reviewData" time="2.083" classname="ReviewsTests"/>
  <testcase name="get_reviewData" time="2.072" classname="ReviewsTests"/>
  <testcase name="validate_response_reviewData" time="3.729" classname="ReviewsTests"/>
</testsuite> <!-- ReviewsTests -->
