<?xml version="1.0" encoding="UTF-8"?>
<!-- Generated by org.testng.reporters.JUnitReportReporter -->
<testsuite skipped="0" hostname="DESKTOP-AL97APC" name="CarTests" tests="6" failures="0" timestamp="2023-03-11T23:33:35 EET" time="16.993" errors="0">
  <testcase name="test_addCar" time="4.638" classname="CarTests"/>
  <testcase name="test_deleteCar_by_id" time="2.179" classname="CarTests"/>
  <testcase name="update_CarData" time="2.102" classname="CarTests"/>
  <testcase name="modify_carData" time="2.101" classname="CarTests"/>
  <testcase name="get_CarData" time="2.088" classname="CarTests"/>
  <testcase name="validate_response_CarInfo" time="3.885" classname="CarTests"/>
</testsuite> <!-- CarTests -->
