<?xml version="1.0" encoding="UTF-8"?>
<!-- Generated by org.testng.reporters.JUnitReportReporter -->
<testsuite skipped="0" hostname="DESKTOP-AL97APC" name="Authentication" tests="3" failures="0" timestamp="2023-03-11T23:33:01 EET" time="8.616" errors="0">
  <testcase name="testBasicAuthentication" time="2.110" classname="Authentication"/>
  <testcase name="testAPIKeyAuthentication" time="4.384" classname="Authentication"/>
  <testcase name="testKeyAuthentication" time="2.122" classname="Authentication"/>
</testsuite> <!-- Authentication -->
