<?xml version="1.0" encoding="UTF-8"?>
<!-- Generated by org.testng.reporters.JUnitReportReporter -->
<testsuite skipped="0" hostname="DESKTOP-AL97APC" name="SupportTests" tests="6" failures="0" timestamp="2023-03-11T23:34:37 EET" time="16.196" errors="0">
  <testcase name="test_addSupportMember" time="4.251" classname="SupportTests"/>
  <testcase name="test_deleteSupportMember_by_id" time="2.157" classname="SupportTests"/>
  <testcase name="update_SupportMemberData" time="2.076" classname="SupportTests"/>
  <testcase name="modify_supportMemberInfo" time="2.068" classname="SupportTests"/>
  <testcase name="get_SupportData" time="2.082" classname="SupportTests"/>
  <testcase name="validate_response_reviewData" time="3.562" classname="SupportTests"/>
</testsuite> <!-- SupportTests -->
